SQL> select owner, table_name, tablespace_name from dba_tables;

OWNER      TABLE_NAME                     TABLESPACE_NAME                       
---------- ------------------------------ ------------------------------        
SYS        ICOL$                          SYSTEM                                
SYS        CON$                           SYSTEM                                
SYS        UNDO$                          SYSTEM                                
SYS        PROXY_ROLE_DATA$               SYSTEM                                
SYS        FILE$                          SYSTEM                                
SYS        UET$                           SYSTEM                                
SYS        IND$                           SYSTEM                                
SYS        SEG$                           SYSTEM                                
SYS        COL$                           SYSTEM                                
SYS        CLU$                           SYSTEM                                
SYS        PROXY_DATA$                    SYSTEM                                
SYS        TS$                            SYSTEM                                
SYS        BOOTSTRAP$                     SYSTEM                                
SYS        FET$                           SYSTEM                                
SYS        CCOL$                          SYSTEM                                
SYS        USER$                          SYSTEM                                
SYS        OBJ$                           SYSTEM                                
SYS        TAB$                           SYSTEM                                
SYS        CDEF$                          SYSTEM                                
SYS        OBJERROR$                      SYSTEM                                
SYS        OBJAUTH$                       SYSTEM                                
SYS        UGROUP$                        SYSTEM                                
SYS        TSQ$                           SYSTEM                                
SYS        SYN$                           SYSTEM                                
SYS        VIEW$                          SYSTEM                                
SYS        TYPED_VIEW$                    SYSTEM                                
SYS        SUPEROBJ$                      SYSTEM                                
SYS        SEQ$                           SYSTEM                                
SYS        LOB$                           SYSTEM                                
SYS        COLTYPE$                       SYSTEM                                
SYS        SUBCOLTYPE$                    SYSTEM                                
SYS        NTAB$                          SYSTEM                                
SYS        REFCON$                        SYSTEM                                
SYS        OPQTYPE$                       SYSTEM                                
SYS        PROPS$                         SYSTEM                                
SYS        EDITION$                       SYSTEM                                
SYS        FIXED_OBJ$                     SYSTEM                                
SYS        MIGRATE$                       SYSTEM                                
SYS        DEPENDENCY$                    SYSTEM                                
SYS        ACCESS$                        SYSTEM                                
SYS        VIEWCON$                       SYSTEM                                
SYS        ICOLDEP$                       SYSTEM                                
SYS        DUAL                           SYSTEM                                
SYS        SYSAUTH$                       SYSTEM                                
SYS        OBJPRIV$                       SYSTEM                                
SYS        DEFROLE$                       SYSTEM                                
SYS        ECOL$                          SYSTEM                                

OWNER      TABLE_NAME                     TABLESPACE_NAME                       
---------- ------------------------------ ------------------------------        
SYS        EV$                            SYSTEM                                
SYS        EVCOL$                         SYSTEM                                
SYS        DEFERRED_STG$                  SYSTEM                                
SYS        LINK$                          SYSTEM                                
SYS        TRUSTED_LIST$                  SYSTEM                                
SYS        COM$                           SYSTEM                                
SYS        DUC$                           SYSTEM                                
SYS        RECYCLEBIN$                    SYSTEM                                
SYS        IND_ONLINE$                    SYSTEM                                
SYS        CONTEXT$                       SYSTEM                                
SYS        SQL_VERSION$                   SYSTEM                                
SYS        JIJOIN$                        SYSTEM                                
SYS        JIREFRESHSQL$                  SYSTEM                                
SYS        TRIGGER$                       SYSTEM                                
SYS        TRIGGERCOL$                    SYSTEM                                
SYS        TRIGGERJAVAF$                  SYSTEM                                
SYS        TRIGGERJAVAS$                  SYSTEM                                
SYS        TRIGGERJAVAC$                  SYSTEM                                
SYS        TRIGGERJAVAM$                  SYSTEM                                
SYS        VIEWTRCOL$                     SYSTEM                                
SYS        ATEMPTAB$                                                            
SYS        TRIGGERDEP$                    SYSTEM                                
SYS        INDREBUILD$                    SYSTEM                                
SYS        COMPRESSION$                   SYSTEM                                
SYS        TRANSIENT_IOT$                 SYSTEM                                
SYS        SQLLOG$                                                              
SYS        SMB$CONFIG                     SYSAUX                                
SYS        SQL$                           SYSAUX                                
SYS        SQL$TEXT                       SYSAUX                                
SYS        SQLOBJ$                                                              
SYS        SQLOBJ$DATA                                                          
SYS        SQLOBJ$AUXDATA                 SYSAUX                                
SYS        OBJECT_USAGE                   SYSTEM                                
SYS        PROCEDURE$                     SYSTEM                                
SYS        PROCEDUREINFO$                 SYSTEM                                
SYS        ARGUMENT$                      SYSTEM                                
SYS        SOURCE$                        SYSTEM                                
SYS        IDL_UB1$                       SYSTEM                                
SYS        IDL_CHAR$                      SYSTEM                                
SYS        IDL_UB2$                       SYSTEM                                
SYS        IDL_SB4$                       SYSTEM                                
SYS        ERROR$                         SYSTEM                                
SYS        SETTINGS$                      SYSTEM                                
SYS        NCOMP_DLL$                     SYSTEM                                
SYS        PROCEDUREJAVA$                 SYSTEM                                
SYS        PROCEDUREC$                    SYSTEM                                
SYS        PROCEDUREPLSQL$                SYSTEM                                

OWNER      TABLE_NAME                     TABLESPACE_NAME                       
---------- ------------------------------ ------------------------------        
SYS        LIBRARY$                       SYSTEM                                
SYS        ASSEMBLY$                      SYSTEM                                
SYS        WARNING_SETTINGS$              SYSTEM                                
SYS        DIANA_VERSION$                 SYSTEM                                
SYS        PLSCOPE_IDENTIFIER$            SYSAUX                                
SYS        PLSCOPE_ACTION$                SYSAUX                                
SYS        PENDING_TRANS$                 SYSTEM                                
SYS        PENDING_SESSIONS$              SYSTEM                                
SYS        PENDING_SUB_SESSIONS$          SYSTEM                                
SYS        SMON_SCN_TIME                  SYSAUX                                
SYS        MAP_FILE$                      SYSTEM                                
SYS        MAP_FILE_EXTENT$               SYSTEM                                
SYS        MAP_SUBELEMENT$                SYSTEM                                
SYS        MAP_ELEMENT$                   SYSTEM                                
SYS        MAP_EXTELEMENT$                SYSTEM                                
SYS        MAP_COMPLIST$                  SYSTEM                                
SYS        MAP_OBJECT                                                           
SYS        PROFILE$                       SYSTEM                                
SYS        PROFNAME$                      SYSTEM                                
SYS        RESOURCE_COST$                 SYSTEM                                
SYS        JOB$                           SYSTEM                                
SYS        RESOURCE_MAP                   SYSTEM                                
SYS        USER_ASTATUS_MAP               SYSTEM                                
SYS        RESOURCE_PLAN$                 SYSTEM                                
SYS        RESOURCE_CONSUMER_GROUP$       SYSTEM                                
SYS        RESOURCE_CATEGORY$             SYSTEM                                
SYS        RESOURCE_PLAN_DIRECTIVE$       SYSTEM                                
SYS        RESOURCE_GROUP_MAPPING$        SYSTEM                                
SYS        RESOURCE_MAPPING_PRIORITY$     SYSTEM                                
SYS        RESOURCE_STORAGE_POOL_MAPPING$ SYSTEM                                
SYS        RESOURCE_CAPABILITY$           SYSTEM                                
SYS        RESOURCE_INSTANCE_CAPABILITY$  SYSTEM                                
SYS        RESOURCE_IO_CALIBRATE$         SYSTEM                                
SYS        TSM_SRC$                       SYSAUX                                
SYS        TSM_DST$                       SYSAUX                                
SYS        SERVICE$                       SYSTEM                                
SYS        CLUSTER_DATABASES                                                    
SYS        CLUSTER_NODES                                                        
SYS        CLUSTER_INSTANCES                                                    
SYS        DIR$MIGRATE_OPERATIONS         SYSAUX                                
SYS        DIR$SERVICE_OPERATIONS         SYSAUX                                
SYS        DIR$ESCALATE_OPERATIONS        SYSAUX                                
SYS        DIR$QUIESCE_OPERATIONS         SYSAUX                                
SYS        DIR$INSTANCE_ACTIONS           SYSAUX                                
SYS        DIR$RESONATE_OPERATIONS        SYSAUX                                
SYS        DIR$ALERT_HISTORY              SYSAUX                                
SYS        DIR$REASON_STRINGS             SYSAUX                                

OWNER      TABLE_NAME                     TABLESPACE_NAME                       
---------- ------------------------------ ------------------------------        
SYS        DIR$DATABASE_ATTRIBUTES        SYSAUX                                
SYS        DIR$VICTIM_POLICY              SYSAUX                                
SYS        DIR$NODE_ATTRIBUTES            SYSAUX                                
SYS        DIR$SERVICE_ATTRIBUTES         SYSAUX                                
SYS        _default_auditing_options_     SYSTEM                                
SYS        AUDIT$                         SYSTEM                                
SYS        SYSTEM_PRIVILEGE_MAP           SYSTEM                                
SYS        TABLE_PRIVILEGE_MAP            SYSTEM                                
SYS        STMT_AUDIT_OPTION_MAP          SYSTEM                                
SYS        USER_HISTORY$                  SYSTEM                                
SYS        RLS$                           SYSTEM                                
SYS        RLS_SC$                        SYSTEM                                
SYS        RLS_GRP$                       SYSTEM                                
SYS        RLS_CTX$                       SYSTEM                                
SYS        AUD$                           SYSTEM                                
SYS        FGA$                           SYSTEM                                
SYS        FGACOL$                        SYSTEM                                
SYS        FGA_LOG$                       SYSTEM                                
SYS        APPROLE$                       SYSTEM                                
SYS        ENC$                           SYSTEM                                
SYS        PROXY_INFO$                    SYSTEM                                
SYS        PROXY_ROLE_INFO$               SYSTEM                                
SYS        XS$VERIFIERS                   SYSTEM                                
SYS        XS$SESSIONS                    SYSAUX                                
SYS        XS$SESSION_ROLES               SYSAUX                                
SYS        XS$SESSION_APPNS               SYSAUX                                
SYS        XS$PARAMETERS                  SYSTEM                                
SYS        DEFAULT_PWD$                   SYSTEM                                
SYS        HISTGRM$                       SYSTEM                                
SYS        HIST_HEAD$                     SYSTEM                                
SYS        AUX_STATS$                     SYSTEM                                
SYS        TAB_STATS$                     SYSTEM                                
SYS        IND_STATS$                     SYSTEM                                
SYS        CACHE_STATS_1$                 SYSTEM                                
SYS        CACHE_STATS_0$                 SYSTEM                                
SYS        ASSOCIATION$                   SYSTEM                                
SYS        USTATS$                        SYSTEM                                
SYS        STATS_TARGET$                  SYSAUX                                
OUTLN      OL$                            SYSTEM                                
OUTLN      OL$HINTS                       SYSTEM                                
OUTLN      OL$NODES                       SYSTEM                                
SYS        COL_USAGE$                     SYSTEM                                
SYS        MON_MODS$                      SYSTEM                                
SYS        MON_MODS_ALL$                  SYSTEM                                
SYS        WRI$_OPTSTAT_TAB_HISTORY       SYSAUX                                
SYS        WRI$_OPTSTAT_IND_HISTORY       SYSAUX                                
SYS        WRI$_OPTSTAT_HISTHEAD_HISTORY  SYSAUX                                

OWNER      TABLE_NAME                     TABLESPACE_NAME                       
---------- ------------------------------ ------------------------------        
SYS        WRI$_OPTSTAT_HISTGRM_HISTORY   SYSAUX                                
SYS        WRI$_OPTSTAT_AUX_HISTORY       SYSAUX                                
SYS        WRI$_OPTSTAT_OPR               SYSAUX                                
SYS        OPTSTAT_HIST_CONTROL$          SYSTEM                                
SYS        OPTSTAT_USER_PREFS$            SYSTEM                                
SYS        WRI$_OPTSTAT_SYNOPSIS_PARTGRP  SYSAUX                                
SYS        WRI$_OPTSTAT_SYNOPSIS_HEAD$    SYSAUX                                
SYS        WRI$_OPTSTAT_SYNOPSIS$         SYSAUX                                
SYS        FINALHIST$                                                           
SYS        DIR$                           SYSTEM                                
SYS        ATTRCOL$                       SYSTEM                                
SYS        ID_GENS$                       SYSTEM                                
SYS        OID$                           SYSTEM                                
SYS        TYPE_MISC$                     SYSTEM                                
SYS        TYPE$                          SYSTEM                                
SYS        TYPEHIERARCHY$                 SYSTEM                                
SYS        COLLECTION$                    SYSTEM                                
SYS        ATTRIBUTE$                     SYSTEM                                
SYS        METHOD$                        SYSTEM                                
SYS        PARAMETER$                     SYSTEM                                
SYS        RESULT$                        SYSTEM                                
SYS        KOPM$                          SYSTEM                                
SYS        VTABLE$                        SYSTEM                                
SYS        OPBINDING$                     SYSTEM                                
SYS        OPANCILLARY$                   SYSTEM                                
SYS        OPARG$                         SYSTEM                                
SYS        OPERATOR$                      SYSTEM                                
SYS        INDTYPES$                      SYSTEM                                
SYS        INDOP$                         SYSTEM                                
SYS        INDARRAYTYPE$                  SYSTEM                                
SYS        SECOBJ$                        SYSTEM                                
SYS        JAVAOBJ$                       SYSTEM                                
SYS        JAVASNM$                       SYSTEM                                
SYS        PARTOBJ$                       SYSTEM                                
SYS        PARTCOL$                       SYSTEM                                
SYS        TABPART$                       SYSTEM                                
SYS        INDPART$                       SYSTEM                                
SYS        SUBPARTCOL$                    SYSTEM                                
SYS        TABSUBPART$                    SYSTEM                                
SYS        INDSUBPART$                    SYSTEM                                
SYS        TABCOMPART$                    SYSTEM                                
SYS        INDCOMPART$                    SYSTEM                                
SYS        PARTLOB$                       SYSTEM                                
SYS        LOBFRAG$                       SYSTEM                                
SYS        LOBCOMPPART$                   SYSTEM                                
SYS        DEFSUBPART$                    SYSTEM                                
SYS        DEFSUBPARTLOB$                 SYSTEM                                

OWNER      TABLE_NAME                     TABLESPACE_NAME                       
---------- ------------------------------ ------------------------------        
SYS        INDPART_PARAM$                 SYSTEM                                
SYS        INSERT_TSN_LIST$               SYSTEM                                
SYS        SUMPARTLOG$                    SYSTEM                                
SYS        SUMDELTA$                      SYSTEM                                
SYS        SNAP_LOGDEP$                   SYSTEM                                
SYS        SNAP_LOADERTIME$               SYSTEM                                
SYS        MLOG$                          SYSTEM                                
SYS        SNAP_XCMT$                     SYSTEM                                
SYS        SLOG$                          SYSTEM                                
SYS        SNAP$                          SYSTEM                                
SYS        SNAP_REFTIME$                  SYSTEM                                
SYS        MLOG_REFCOL$                   SYSTEM                                
SYS        SNAP_REFOP$                    SYSTEM                                
SYS        SNAP_COLMAP$                   SYSTEM                                
SYS        SNAP_OBJCOL$                   SYSTEM                                
SYS        REG_SNAP$                      SYSTEM                                
SYS        SNAP_SITE$                     SYSTEM                                
SYS        RGROUP$                        SYSTEM                                
SYS        RGCHILD$                       SYSTEM                                
SYS        CDC_SYSTEM$                    SYSTEM                                
SYS        CDC_CHANGE_SOURCES$            SYSTEM                                
SYS        CDC_CHANGE_SETS$               SYSTEM                                
SYS        CDC_CHANGE_TABLES$             SYSTEM                                
SYS        CDC_SUBSCRIBERS$               SYSTEM                                
SYS        CDC_SUBSCRIBED_TABLES$         SYSTEM                                
SYS        CDC_SUBSCRIBED_COLUMNS$        SYSTEM                                
SYS        CDC_CHANGE_COLUMNS$            SYSTEM                                
SYS        CDC_PROPAGATIONS$              SYSTEM                                
SYS        CDC_PROPAGATED_SETS$           SYSTEM                                
SYS        STREAMS$_SPLIT_MERGE           SYSTEM                                
SYS        STREAMS$_CAPTURE_SERVER        SYSTEM                                
SYS        STREAMS$_CAPTURE_PROCESS       SYSTEM                                
SYS        STREAMS$_APPLY_PROCESS         SYSTEM                                
SYS        STREAMS$_PROPAGATION_PROCESS   SYSTEM                                
SYS        STREAMS$_PROCESS_PARAMS        SYSTEM                                
SYS        STREAMS$_EXTRA_ATTRS           SYSTEM                                
SYS        STREAMS$_PREPARE_OBJECT        SYSTEM                                
SYS        STREAMS$_PREPARE_DDL           SYSTEM                                
SYS        STREAMS$_APPLY_MILESTONE       SYSTEM                                
SYS        STREAMS$_APPLY_PROGRESS        SYSAUX                                
SYS        STREAMS$_KEY_COLUMNS           SYSTEM                                
SYS        STREAMS$_DEF_PROC              SYSTEM                                
SYS        STREAMS$_RULES                 SYSTEM                                
SYS        APPLY$_SOURCE_OBJ              SYSTEM                                
SYS        APPLY$_SOURCE_SCHEMA           SYSTEM                                
SYS        APPLY$_VIRTUAL_OBJ_CONS        SYSTEM                                
SYS        APPLY$_CONSTRAINT_COLUMNS      SYSTEM                                

OWNER      TABLE_NAME                     TABLESPACE_NAME                       
---------- ------------------------------ ------------------------------        
SYS        APPLY$_DEST_OBJ                SYSTEM                                
SYS        APPLY$_DEST_OBJ_CMAP           SYSTEM                                
SYS        APPLY$_DEST_OBJ_OPS            SYSTEM                                
SYS        STREAMS$_STMT_HANDLERS         SYSTEM                                
SYS        STREAMS$_STMT_HANDLER_STMTS    SYSTEM                                
SYS        APPLY$_CHANGE_HANDLERS         SYSTEM                                
SYS        APPLY$_ERROR                   SYSAUX                                
SYS        APPLY$_ERROR_TXN               SYSTEM                                
SYS        APPLY$_ERROR_HANDLER           SYSTEM                                
SYS        APPLY$_CONF_HDLR_COLUMNS       SYSTEM                                
SYS        STREAMS$_DEST_OBJS             SYSTEM                                
SYS        STREAMS$_DEST_OBJ_COLS         SYSTEM                                
SYS        STREAMS$_PRIVILEGED_USER       SYSTEM                                
SYS        STREAMS$_MESSAGE_RULES         SYSTEM                                
SYS        STREAMS$_MESSAGE_CONSUMERS     SYSTEM                                
SYS        STREAMS$_APPLY_SPILL_TXN       SYSAUX                                
SYS        STREAMS$_APPLY_SPILL_TXN_LIST  SYSAUX                                
SYS        FGR$_FILE_GROUPS               SYSTEM                                
SYS        FGR$_FILE_GROUP_VERSIONS       SYSTEM                                
SYS        FGR$_FILE_GROUP_EXPORT_INFO    SYSTEM                                
SYS        FGR$_FILE_GROUP_FILES          SYSTEM                                
SYS        FGR$_TABLESPACE_INFO           SYSTEM                                
SYS        FGR$_TABLE_INFO                SYSTEM                                
SYS        REDEF$                         SYSTEM                                
SYS        REDEF_OBJECT$                  SYSTEM                                
SYS        REDEF_DEP_ERROR$               SYSTEM                                
SYS        RULESET$                       SYSTEM                                
SYS        LOG$                           SYSTEM                                
SYS        RECO_SCRIPT$                   SYSAUX                                
SYS        RECO_SCRIPT_PARAMS$            SYSAUX                                
SYS        RECO_SCRIPT_BLOCK$             SYSAUX                                
SYS        RECO_SCRIPT_ERROR$             SYSAUX                                
SYS        COMPARISON$                    SYSAUX                                
SYS        COMPARISON_COL$                SYSAUX                                
SYS        COMPARISON_SCAN$               SYSAUX                                
SYS        COMPARISON_SCAN_VAL$           SYSAUX                                
SYS        COMPARISON_ROW_DIF$            SYSAUX                                
SYS        STREAMS$_COMPONENT             SYSAUX                                
SYS        STREAMS$_COMPONENT_LINK        SYSAUX                                
SYS        STREAMS$_COMPONENT_PROP        SYSAUX                                
SYS        STREAMS$_DATABASE              SYSAUX                                
SYS        XSTREAM$_SERVER                SYSTEM                                
SYS        XSTREAM$_SUBSET_RULES          SYSTEM                                
SYS        XSTREAM$_SYSGEN_OBJS           SYSTEM                                
SYS        AW$                            SYSAUX                                
SYS        PS$                            SYSAUX                                
SYS        AW_OBJ$                        SYSAUX                                

OWNER      TABLE_NAME                     TABLESPACE_NAME                       
---------- ------------------------------ ------------------------------        
SYS        AW_PROP$                       SYSAUX                                
SYS        AW_TRACK$                      SYSAUX                                
SYS        AW_PRG$                        SYSAUX                                
SYS        OLAP_MAPPINGS$                 SYSTEM                                
SYS        OLAP_MODELS$                   SYSTEM                                
SYS        OLAP_MODEL_PARENTS$            SYSTEM                                
SYS        OLAP_MODEL_ASSIGNMENTS$        SYSTEM                                
SYS        OLAP_CALCULATED_MEMBERS$       SYSTEM                                
SYS        OLAP_SYNTAX$                   SYSTEM                                
SYS        OLAP_DESCRIPTIONS$             SYSTEM                                
SYS        OLAP_CUBE_BUILD_PROCESSES$     SYSTEM                                
SYS        OLAP_AW_VIEWS$                 SYSTEM                                
SYS        OLAP_AW_VIEW_COLUMNS$          SYSTEM                                
SYS        OLAP_MEASURE_FOLDERS$          SYSTEM                                
SYS        OLAP_MEAS_FOLDER_CONTENTS$     SYSTEM                                
SYS        OLAP_AW_DEPLOYMENT_CONTROLS$   SYSTEM                                
SYS        OLAP_IMPL_OPTIONS$             SYSTEM                                
SYS        OLAP_MULTI_OPTIONS$            SYSTEM                                
SYS        OLAP_CUBE_DIMENSIONS$          SYSTEM                                
SYS        OLAP_DIM_LEVELS$               SYSTEM                                
SYS        OLAP_ATTRIBUTES$               SYSTEM                                
SYS        OLAP_ATTRIBUTE_VISIBILITY$     SYSTEM                                
SYS        OLAP_HIERARCHIES$              SYSTEM                                
SYS        OLAP_HIER_LEVELS$              SYSTEM                                
SYS        OLAP_CUBES$                    SYSTEM                                
SYS        OLAP_MEASURES$                 SYSTEM                                
SYS        OLAP_DIMENSIONALITY$           SYSTEM                                
SYS        OLAP_TAB$                      SYSTEM                                
SYS        OLAP_TAB_COL$                  SYSTEM                                
SYS        OLAP_TAB_HIER$                 SYSTEM                                
SYS        SUM$                           SYSTEM                                
SYS        SUMDETAIL$                     SYSTEM                                
SYS        SUMINLINE$                     SYSTEM                                
SYS        SUMKEY$                        SYSTEM                                
SYS        SUMAGG$                        SYSTEM                                
SYS        SUMJOIN$                       SYSTEM                                
SYS        SUMDEP$                        SYSTEM                                
SYS        SUMPRED$                       SYSTEM                                
SYS        SUMQB$                         SYSTEM                                
SYS        HIER$                          SYSTEM                                
SYS        HIERLEVEL$                     SYSTEM                                
SYS        DIM$                           SYSTEM                                
SYS        DIMLEVEL$                      SYSTEM                                
SYS        DIMLEVELKEY$                   SYSTEM                                
SYS        DIMJOINKEY$                    SYSTEM                                
SYS        DIMATTR$                       SYSTEM                                
SYS        INCEXP                         SYSTEM                                

OWNER      TABLE_NAME                     TABLESPACE_NAME                       
---------- ------------------------------ ------------------------------        
SYS        INCVID                         SYSTEM                                
SYS        INCFIL                         SYSTEM                                
SYS        EXPACT$                        SYSTEM                                
SYS        NOEXP$                         SYSTEM                                
SYS        EXPPKGOBJ$                     SYSTEM                                
SYS        EXPPKGACT$                     SYSTEM                                
SYS        EXPDEPOBJ$                     SYSTEM                                
SYS        EXPDEPACT$                     SYSTEM                                
SYS        EXPIMP_TTS_CT$                 SYSTEM                                
SYS        METAVIEW$                      SYSTEM                                
SYS        METAFILTER$                    SYSTEM                                
SYS        METAXSL$                       SYSTEM                                
SYS        METAXSLPARAM$                  SYSTEM                                
SYS        METASTYLESHEET                 SYSTEM                                
SYS        METASCRIPT$                    SYSTEM                                
SYS        METASCRIPTFILTER$              SYSTEM                                
SYS        METANAMETRANS$                 SYSTEM                                
SYS        METAPATHMAP$                   SYSTEM                                
SYS        EXTERNAL_TAB$                  SYSTEM                                
SYS        EXTERNAL_LOCATION$             SYSTEM                                
SYS        MODEL$                         SYSAUX                                
SYS        MODELTAB$                      SYSAUX                                
SYS        MODELATT$                      SYSAUX                                
SYS        MODELSET$                      SYSAUX                                
SYSTEM     LOGMNR_SESSION_EVOLVE$         SYSAUX                                
SYSTEM     LOGMNR_GLOBAL$                 SYSAUX                                
SYSTEM     LOGMNR_GT_TAB_INCLUDE$                                               
SYSTEM     LOGMNR_GT_USER_INCLUDE$                                              
SYSTEM     LOGMNR_GT_XID_INCLUDE$                                               
SYSTEM     LOGMNR_UID$                    SYSAUX                                
SYS        LOGMNR_BUILDLOG                SYSTEM                                
SYSTEM     LOGMNRC_DBNAME_UID_MAP         SYSAUX                                
SYSTEM     LOGMNR_LOG$                    SYSAUX                                
SYSTEM     LOGMNR_PROCESSED_LOG$          SYSAUX                                
SYSTEM     LOGMNR_SPILL$                  SYSAUX                                
SYSTEM     LOGMNR_AGE_SPILL$              SYSAUX                                
SYSTEM     LOGMNR_RESTART_CKPT_TXINFO$    SYSAUX                                
SYSTEM     LOGMNR_ERROR$                  SYSAUX                                
SYSTEM     LOGMNR_RESTART_CKPT$           SYSAUX                                
SYSTEM     LOGMNR_FILTER$                 SYSAUX                                
SYSTEM     LOGMNR_SESSION_ACTIONS$        SYSAUX                                
SYSTEM     LOGMNR_PARAMETER$              SYSTEM                                
SYSTEM     LOGMNR_SESSION$                SYSTEM                                
SYS        LOGMNRG_SEED$                  SYSTEM                                
SYS        LOGMNRG_DICTIONARY$            SYSTEM                                
SYS        LOGMNRG_OBJ$                   SYSTEM                                
SYS        LOGMNRG_TAB$                   SYSTEM                                

OWNER      TABLE_NAME                     TABLESPACE_NAME                       
---------- ------------------------------ ------------------------------        
SYS        LOGMNRG_COL$                   SYSTEM                                
SYS        LOGMNRG_ATTRCOL$               SYSTEM                                
SYS        LOGMNRG_TS$                    SYSTEM                                
SYS        LOGMNRG_IND$                   SYSTEM                                
SYS        LOGMNRG_USER$                  SYSTEM                                
SYS        LOGMNRG_TABPART$               SYSTEM                                
SYS        LOGMNRG_TABSUBPART$            SYSTEM                                
SYS        LOGMNRG_TABCOMPART$            SYSTEM                                
SYS        LOGMNRG_TYPE$                  SYSTEM                                
SYS        LOGMNRG_COLTYPE$               SYSTEM                                
SYS        LOGMNRG_ATTRIBUTE$             SYSTEM                                
SYS        LOGMNRG_LOB$                   SYSTEM                                
SYS        LOGMNRG_CDEF$                  SYSTEM                                
SYS        LOGMNRG_CCOL$                  SYSTEM                                
SYS        LOGMNRG_ICOL$                  SYSTEM                                
SYS        LOGMNRG_LOBFRAG$               SYSTEM                                
SYS        LOGMNRG_INDPART$               SYSTEM                                
SYS        LOGMNRG_INDSUBPART$            SYSTEM                                
SYS        LOGMNRG_INDCOMPART$            SYSTEM                                
SYS        LOGMNRG_LOGMNR_BUILDLOG        SYSTEM                                
SYS        LOGMNRG_NTAB$                  SYSTEM                                
SYS        LOGMNRG_OPQTYPE$               SYSTEM                                
SYS        LOGMNRG_SUBCOLTYPE$            SYSTEM                                
SYS        LOGMNRG_KOPM$                  SYSTEM                                
SYS        LOGMNRG_PROPS$                 SYSTEM                                
SYS        LOGMNRG_ENC$                   SYSTEM                                
SYS        LOGMNRG_REFCON$                SYSTEM                                
SYS        LOGMNRG_PARTOBJ$               SYSTEM                                
SYSTEM     LOGMNRT_MDDL$                                                        
SYS        DST$AFFECTED_TABLES            SYSTEM                                
SYS        DST$ERROR_TABLE                SYSTEM                                
SYS        DST$TRIGGER_TABLE              SYSTEM                                
SYS        SYS_FBA_FA                     SYSTEM                                
SYS        SYS_FBA_TSFA                   SYSTEM                                
SYS        SYS_FBA_BARRIERSCN             SYSTEM                                
SYS        SYS_FBA_TRACKEDTABLES          SYSTEM                                
SYS        SYS_FBA_PARTITIONS             SYSTEM                                
SYS        SYS_FBA_USERS                  SYSTEM                                
SYS        SYS_FBA_DL                     SYSTEM                                
SYS        REGISTRY$                      SYSTEM                                
SYS        REGISTRY$SCHEMAS               SYSTEM                                
SYS        REGISTRY$LOG                   SYSTEM                                
SYS        REGISTRY$ERROR                 SYSTEM                                
SYS        REGISTRY$HISTORY               SYSTEM                                
SYS        REGISTRY$PROGRESS              SYSTEM                                
SYS        REGISTRY$DEPENDENCIES          SYSTEM                                
SYS        REGISTRY$DATABASE              SYSTEM                                

OWNER      TABLE_NAME                     TABLESPACE_NAME                       
---------- ------------------------------ ------------------------------        
SYS        AUDIT_ACTIONS                  SYSTEM                                
SYSTEM     MVIEW$_ADV_WORKLOAD            SYSTEM                                
SYSTEM     MVIEW$_ADV_BASETABLE           SYSTEM                                
SYSTEM     MVIEW$_ADV_SQLDEPEND           SYSTEM                                
SYSTEM     MVIEW$_ADV_PRETTY              SYSTEM                                
SYSTEM     MVIEW$_ADV_TEMP                SYSTEM                                
SYSTEM     MVIEW$_ADV_FILTER              SYSTEM                                
SYSTEM     MVIEW$_ADV_LOG                 SYSTEM                                
SYSTEM     MVIEW$_ADV_FILTERINSTANCE      SYSTEM                                
SYSTEM     MVIEW$_ADV_LEVEL               SYSTEM                                
SYSTEM     MVIEW$_ADV_ROLLUP              SYSTEM                                
SYSTEM     MVIEW$_ADV_AJG                 SYSTEM                                
SYSTEM     MVIEW$_ADV_FJG                 SYSTEM                                
SYSTEM     MVIEW$_ADV_GC                  SYSTEM                                
SYSTEM     MVIEW$_ADV_CLIQUE              SYSTEM                                
SYSTEM     MVIEW$_ADV_ELIGIBLE            SYSTEM                                
SYSTEM     MVIEW$_ADV_OUTPUT              SYSTEM                                
SYSTEM     MVIEW$_ADV_EXCEPTIONS          SYSTEM                                
SYSTEM     MVIEW$_ADV_PARAMETERS          SYSTEM                                
SYSTEM     MVIEW$_ADV_INFO                SYSTEM                                
SYSTEM     MVIEW$_ADV_JOURNAL             SYSTEM                                
SYSTEM     MVIEW$_ADV_PLAN                SYSTEM                                

492 ligne(s) sélectionnée(s).

SQL> spool off
