
NAME                                     VALUE                                  
---------------------------------------- ------------------------------         
lock_name_space                                                                 
processes                                150                                    
sessions                                 247                                    
timed_statistics                         TRUE                                   
timed_os_statistics                      0                                      
resource_limit                           FALSE                                  
license_max_sessions                     0                                      
license_sessions_warning                 0                                      
cpu_count                                1                                      
instance_groups                                                                 
event                                                                           
sga_max_size                             859832320                              
pre_page_sga                             FALSE                                  
shared_memory_address                    0                                      
hi_shared_memory_address                 0                                      
use_indirect_data_buffers                FALSE                                  
lock_sga                                 FALSE                                  

NAME                                     VALUE                                  
---------------------------------------- ------------------------------         
shared_pool_size                         0                                      
large_pool_size                          0                                      
java_pool_size                           0                                      
streams_pool_size                        0                                      
shared_pool_reserved_size                7549747                                
java_soft_sessionspace_limit             0                                      
java_max_sessionspace_size               0                                      
spfile                                                                          
instance_type                            RDBMS                                  
nls_language                             AMERICAN                               
nls_territory                            AMERICA                                
nls_sort                                                                        
nls_date_language                                                               
nls_date_format                                                                 
nls_currency                                                                    
nls_numeric_characters                                                          
nls_iso_currency                                                                

NAME                                     VALUE                                  
---------------------------------------- ------------------------------         
nls_calendar                                                                    
nls_time_format                                                                 
nls_timestamp_format                                                            
nls_time_tz_format                                                              
nls_timestamp_tz_format                                                         
nls_dual_currency                                                               
nls_comp                                 BINARY                                 
nls_length_semantics                     BYTE                                   
nls_nchar_conv_excp                      FALSE                                  
fileio_network_adapters                                                         
filesystemio_options                                                            
disk_asynch_io                           TRUE                                   
tape_asynch_io                           TRUE                                   
dbwr_io_slaves                           0                                      
backup_tape_io_slaves                    FALSE                                  
resource_manager_cpu_allocation          1                                      
resource_manager_plan                                                           

NAME                                     VALUE                                  
---------------------------------------- ------------------------------         
cluster_interconnects                                                           
file_mapping                             FALSE                                  
gcs_server_processes                     0                                      
active_instance_count                                                           
sga_target                               0                                      
memory_target                            859832320                              
memory_max_target                        859832320                              
control_files                            C:\ORACLE\ORADATA\BDF5\BDF5CTL         
                                         1.CTL, C:\ORACLE\ORADATA\BDF5\         
                                         BDF5CTL2.CTL                           
                                                                                
db_file_name_convert                                                            
log_file_name_convert                                                           
control_file_record_keep_time            7                                      
db_block_buffers                         0                                      
db_block_checksum                        TYPICAL                                
db_ultra_safe                            OFF                                    

NAME                                     VALUE                                  
---------------------------------------- ------------------------------         
db_block_size                            8192                                   
db_cache_size                            0                                      
db_2k_cache_size                         0                                      
db_4k_cache_size                         0                                      
db_8k_cache_size                         0                                      
db_16k_cache_size                        0                                      
db_32k_cache_size                        0                                      
db_keep_cache_size                       0                                      
db_recycle_cache_size                    0                                      
db_writer_processes                      1                                      
buffer_pool_keep                                                                
buffer_pool_recycle                                                             
db_flash_cache_file                                                             
db_flash_cache_size                      0                                      
db_cache_advice                          ON                                     
compatible                               11.2.0.0.0                             
log_archive_dest_1                                                              

NAME                                     VALUE                                  
---------------------------------------- ------------------------------         
log_archive_dest_2                                                              
log_archive_dest_3                                                              
log_archive_dest_4                                                              
log_archive_dest_5                                                              
log_archive_dest_6                                                              
log_archive_dest_7                                                              
log_archive_dest_8                                                              
log_archive_dest_9                                                              
log_archive_dest_10                                                             
log_archive_dest_11                                                             
log_archive_dest_12                                                             
log_archive_dest_13                                                             
log_archive_dest_14                                                             
log_archive_dest_15                                                             
log_archive_dest_16                                                             
log_archive_dest_17                                                             
log_archive_dest_18                                                             

NAME                                     VALUE                                  
---------------------------------------- ------------------------------         
log_archive_dest_19                                                             
log_archive_dest_20                                                             
log_archive_dest_21                                                             
log_archive_dest_22                                                             
log_archive_dest_23                                                             
log_archive_dest_24                                                             
log_archive_dest_25                                                             
log_archive_dest_26                                                             
log_archive_dest_27                                                             
log_archive_dest_28                                                             
log_archive_dest_29                                                             
log_archive_dest_30                                                             
log_archive_dest_31                                                             
log_archive_dest_state_1                 enable                                 
log_archive_dest_state_2                 enable                                 
log_archive_dest_state_3                 enable                                 
log_archive_dest_state_4                 enable                                 

NAME                                     VALUE                                  
---------------------------------------- ------------------------------         
log_archive_dest_state_5                 enable                                 
log_archive_dest_state_6                 enable                                 
log_archive_dest_state_7                 enable                                 
log_archive_dest_state_8                 enable                                 
log_archive_dest_state_9                 enable                                 
log_archive_dest_state_10                enable                                 
log_archive_dest_state_11                enable                                 
log_archive_dest_state_12                enable                                 
log_archive_dest_state_13                enable                                 
log_archive_dest_state_14                enable                                 
log_archive_dest_state_15                enable                                 
log_archive_dest_state_16                enable                                 
log_archive_dest_state_17                enable                                 
log_archive_dest_state_18                enable                                 
log_archive_dest_state_19                enable                                 
log_archive_dest_state_20                enable                                 
log_archive_dest_state_21                enable                                 

NAME                                     VALUE                                  
---------------------------------------- ------------------------------         
log_archive_dest_state_22                enable                                 
log_archive_dest_state_23                enable                                 
log_archive_dest_state_24                enable                                 
log_archive_dest_state_25                enable                                 
log_archive_dest_state_26                enable                                 
log_archive_dest_state_27                enable                                 
log_archive_dest_state_28                enable                                 
log_archive_dest_state_29                enable                                 
log_archive_dest_state_30                enable                                 
log_archive_dest_state_31                enable                                 
log_archive_start                        FALSE                                  
log_archive_dest                                                                
log_archive_duplex_dest                                                         
log_archive_min_succeed_dest             1                                      
standby_archive_dest                     %ORACLE_HOME%\RDBMS                    
fal_client                                                                      
fal_server                                                                      

NAME                                     VALUE                                  
---------------------------------------- ------------------------------         
log_archive_trace                        0                                      
log_archive_config                                                              
log_archive_local_first                  TRUE                                   
log_archive_format                       ARC%S_%R.%T                            
redo_transport_user                                                             
log_archive_max_processes                4                                      
log_buffer                               2183168                                
log_checkpoint_interval                  0                                      
log_checkpoint_timeout                   1800                                   
archive_lag_target                       0                                      
db_files                                 200                                    
db_file_multiblock_read_count            128                                    
read_only_open_delayed                   FALSE                                  
cluster_database                         FALSE                                  
parallel_server                          FALSE                                  
parallel_server_instances                1                                      
cluster_database_instances               1                                      

NAME                                     VALUE                                  
---------------------------------------- ------------------------------         
db_create_file_dest                                                             
db_create_online_log_dest_1                                                     
db_create_online_log_dest_2                                                     
db_create_online_log_dest_3                                                     
db_create_online_log_dest_4                                                     
db_create_online_log_dest_5                                                     
db_recovery_file_dest                                                           
db_recovery_file_dest_size               0                                      
standby_file_management                  MANUAL                                 
thread                                   0                                      
fast_start_io_target                     0                                      
fast_start_mttr_target                   0                                      
log_checkpoints_to_alert                 FALSE                                  
db_lost_write_protect                    NONE                                   
recovery_parallelism                     0                                      
db_flashback_retention_target            1440                                   
dml_locks                                1084                                   

NAME                                     VALUE                                  
---------------------------------------- ------------------------------         
replication_dependency_tracking          TRUE                                   
transactions                             271                                    
transactions_per_rollback_segment        5                                      
rollback_segments                                                               
undo_management                          AUTO                                   
undo_tablespace                          UNDOTBS1                               
undo_retention                           900                                    
fast_start_parallel_rollback             LOW                                    
resumable_timeout                        0                                      
cell_partition_large_extents             DEFAULT                                
instance_number                          0                                      
db_block_checking                        FALSE                                  
recyclebin                               on                                     
db_securefile                            PERMITTED                              
create_stored_outlines                                                          
serial_reuse                             disable                                
ldap_directory_access                    NONE                                   

NAME                                     VALUE                                  
---------------------------------------- ------------------------------         
ldap_directory_sysauth                   no                                     
os_roles                                 FALSE                                  
rdbms_server_dn                                                                 
max_enabled_roles                        150                                    
remote_os_authent                        FALSE                                  
remote_os_roles                          FALSE                                  
sec_case_sensitive_logon                 TRUE                                   
O7_DICTIONARY_ACCESSIBILITY              FALSE                                  
remote_login_passwordfile                EXCLUSIVE                              
license_max_users                        0                                      
audit_sys_operations                     FALSE                                  
global_context_pool_size                                                        
db_domain                                                                       
global_names                             FALSE                                  
distributed_lock_timeout                 60                                     
commit_point_strength                    1                                      
global_txn_processes                     1                                      

NAME                                     VALUE                                  
---------------------------------------- ------------------------------         
instance_name                            bdf5                                   
service_names                            BDF5                                   
dispatchers                              (PROTOCOL=TCP) (SERVICE=orclXD         
                                         B)                                     
                                                                                
shared_servers                           1                                      
max_shared_servers                                                              
max_dispatchers                                                                 
circuits                                                                        
shared_server_sessions                                                          
local_listener                           LISTENER_ORCL                          
remote_listener                                                                 
listener_networks                                                               
cursor_space_for_time                    FALSE                                  
session_cached_cursors                   50                                     
remote_dependencies_mode                 TIMESTAMP                              
utl_file_dir                                                                    

NAME                                     VALUE                                  
---------------------------------------- ------------------------------         
smtp_out_server                                                                 
plsql_v2_compatibility                   FALSE                                  
plsql_warnings                           DISABLE:ALL                            
plsql_code_type                          INTERPRETED                            
plsql_debug                              FALSE                                  
plsql_optimize_level                     2                                      
plsql_ccflags                                                                   
plscope_settings                         IDENTIFIERS:NONE                       
permit_92_wrap_format                    TRUE                                   
java_jit_enabled                         TRUE                                   
job_queue_processes                      1000                                   
parallel_min_percent                     0                                      
create_bitmap_area_size                  8388608                                
bitmap_merge_area_size                   1048576                                
cursor_sharing                           EXACT                                  
result_cache_mode                        MANUAL                                 
parallel_min_servers                     0                                      

NAME                                     VALUE                                  
---------------------------------------- ------------------------------         
parallel_max_servers                     0                                      
parallel_instance_group                                                         
parallel_execution_message_size          16384                                  
hash_area_size                           131072                                 
result_cache_max_size                    0                                      
result_cache_max_result                  5                                      
result_cache_remote_expiration           0                                      
audit_file_dest                          C:\APP\ISIMA\PRODUCT\11.2.0\DB         
                                         HOME_1\RDBMS\AUDIT                     
                                                                                
shadow_core_dump                         none                                   
background_core_dump                     partial                                
background_dump_dest                     c:\oracle\diag\rdbms\bdf5\bdf5         
                                         \trace                                 
                                                                                
user_dump_dest                           c:\oracle\diag\rdbms\bdf5\bdf5         
                                         \trace                                 

NAME                                     VALUE                                  
---------------------------------------- ------------------------------         
                                                                                
core_dump_dest                           c:\oracle\diag\rdbms\bdf5\bdf5         
                                         \cdump                                 
                                                                                
object_cache_optimal_size                102400                                 
object_cache_max_size_percent            10                                     
session_max_open_files                   10                                     
open_links                               4                                      
open_links_per_instance                  4                                      
commit_write                                                                    
commit_wait                                                                     
commit_logging                                                                  
optimizer_features_enable                11.2.0.1                               
fixed_date                                                                      
audit_trail                              NONE                                   
sort_area_size                           65536                                  
sort_area_retained_size                  0                                      

NAME                                     VALUE                                  
---------------------------------------- ------------------------------         
cell_offload_processing                  TRUE                                   
cell_offload_decryption                  TRUE                                   
cell_offload_parameters                                                         
cell_offload_compaction                  ADAPTIVE                               
cell_offload_plan_display                AUTO                                   
db_name                                  BDF5                                   
db_unique_name                           BDF5                                   
open_cursors                             300                                    
ifile                                                                           
sql_trace                                FALSE                                  
os_authent_prefix                        OPS$                                   
optimizer_mode                           ALL_ROWS                               
sql92_security                           FALSE                                  
blank_trimming                           FALSE                                  
star_transformation_enabled              FALSE                                  
parallel_degree_policy                   MANUAL                                 
parallel_adaptive_multi_user             TRUE                                   

NAME                                     VALUE                                  
---------------------------------------- ------------------------------         
parallel_threads_per_cpu                 2                                      
parallel_automatic_tuning                FALSE                                  
parallel_io_cap_enabled                  FALSE                                  
optimizer_index_cost_adj                 100                                    
optimizer_index_caching                  0                                      
query_rewrite_enabled                    TRUE                                   
query_rewrite_integrity                  enforced                               
pga_aggregate_target                     0                                      
workarea_size_policy                     AUTO                                   
optimizer_dynamic_sampling               2                                      
statistics_level                         TYPICAL                                
skip_unusable_indexes                    TRUE                                   
optimizer_secure_view_merging            TRUE                                   
ddl_lock_timeout                         0                                      
deferred_segment_creation                TRUE                                   
optimizer_use_pending_statistics         FALSE                                  
optimizer_capture_sql_plan_baselines     FALSE                                  

NAME                                     VALUE                                  
---------------------------------------- ------------------------------         
optimizer_use_sql_plan_baselines         TRUE                                   
parallel_min_time_threshold              AUTO                                   
parallel_degree_limit                    CPU                                    
parallel_force_local                     FALSE                                  
optimizer_use_invisible_indexes          FALSE                                  
dst_upgrade_insert_conv                  TRUE                                   
parallel_servers_target                  4                                      
sec_protocol_error_trace_action          TRACE                                  
sec_protocol_error_further_action        CONTINUE                               
sec_max_failed_login_attempts            10                                     
sec_return_server_release_banner         FALSE                                  
enable_ddl_logging                       FALSE                                  
client_result_cache_size                 0                                      
client_result_cache_lag                  3000                                   
aq_tm_processes                          0                                      
hs_autoregister                          TRUE                                   
xml_db_events                            enable                                 

NAME                                     VALUE                                  
---------------------------------------- ------------------------------         
dg_broker_start                          FALSE                                  
dg_broker_config_file1                   C:\APP\ISIMA\PRODUCT\11.2.0\DB         
                                         HOME_1\DATABASE\DR1BDF5.DAT            
                                                                                
dg_broker_config_file2                   C:\APP\ISIMA\PRODUCT\11.2.0\DB         
                                         HOME_1\DATABASE\DR2BDF5.DAT            
                                                                                
olap_page_pool_size                      0                                      
asm_diskstring                                                                  
asm_preferred_read_failure_groups                                               
asm_diskgroups                                                                  
asm_power_limit                          1                                      
control_management_pack_access           NONE                                   
sqltune_category                         DEFAULT                                
diagnostic_dest                          C:\ORACLE                              
tracefile_identifier                                                            
max_dump_file_size                       unlimited                              

NAME                                     VALUE                                  
---------------------------------------- ------------------------------         
trace_enabled                            TRUE                                   

341 ligne(s) sélectionnée(s).

